  09_01.c
E:\LearingProject\CCPlusPlus\D9_Struct\09_01.c(68,23): warning C4018: “<”: 有符号/无符号不匹配
E:\LearingProject\CCPlusPlus\D9_Struct\09_01.c(78,23): warning C4018: “<”: 有符号/无符号不匹配
E:\LearingProject\CCPlusPlus\D9_Struct\09_01.c(82,23): warning C4018: “<”: 有符号/无符号不匹配
E:\LearingProject\CCPlusPlus\D9_Struct\09_01.c(114,23): warning C4018: “<”: 有符号/无符号不匹配
E:\LearingProject\CCPlusPlus\D9_Struct\09_01.c(136,23): warning C4018: “<”: 有符号/无符号不匹配
E:\LearingProject\CCPlusPlus\D9_Struct\09_01.c(143,23): warning C4018: “<”: 有符号/无符号不匹配
E:\LearingProject\CCPlusPlus\D9_Struct\09_01.c(180,53): warning C4133: “=”: 从“Loadn *”到“Loan *”的类型不兼容
E:\LearingProject\CCPlusPlus\D9_Struct\09_01.c(206,9): warning C4477: “printf”: 格式字符串“%x”需要类型“unsigned int”的参数，但可变参数 1 拥有了类型“Loan *”
E:\LearingProject\CCPlusPlus\D9_Struct\09_01.c(206,9): warning C4477: “printf”: 格式字符串“%x”需要类型“unsigned int”的参数，但可变参数 2 拥有了类型“double *”
E:\LearingProject\CCPlusPlus\D9_Struct\09_01.c(206,9): warning C4477: “printf”: 格式字符串“%x”需要类型“unsigned int”的参数，但可变参数 3 拥有了类型“int *”
E:\LearingProject\CCPlusPlus\D9_Struct\09_01.c(206,9): warning C4477: “printf”: 格式字符串“%x”需要类型“unsigned int”的参数，但可变参数 4 拥有了类型“char **”
E:\LearingProject\CCPlusPlus\D9_Struct\09_01.c(207,9): warning C4477: “printf”: 格式字符串“%x”需要类型“unsigned int”的参数，但可变参数 1 拥有了类型“Loan *”
E:\LearingProject\CCPlusPlus\D9_Struct\09_01.c(207,9): warning C4477: “printf”: 格式字符串“%x”需要类型“unsigned int”的参数，但可变参数 2 拥有了类型“double *”
E:\LearingProject\CCPlusPlus\D9_Struct\09_01.c(207,9): warning C4477: “printf”: 格式字符串“%x”需要类型“unsigned int”的参数，但可变参数 3 拥有了类型“int *”
E:\LearingProject\CCPlusPlus\D9_Struct\09_01.c(207,9): warning C4477: “printf”: 格式字符串“%x”需要类型“unsigned int”的参数，但可变参数 4 拥有了类型“char **”
E:\LearingProject\CCPlusPlus\D9_Struct\09_01.c(216,9): warning C4477: “printf”: 格式字符串“%x”需要类型“unsigned int”的参数，但可变参数 1 拥有了类型“const double *”
E:\LearingProject\CCPlusPlus\D9_Struct\09_01.c(216,9): warning C4477: “printf”: 格式字符串“%x”需要类型“unsigned int”的参数，但可变参数 2 拥有了类型“const int *”
E:\LearingProject\CCPlusPlus\D9_Struct\09_01.c(216,9): warning C4477: “printf”: 格式字符串“%x”需要类型“unsigned int”的参数，但可变参数 3 拥有了类型“char *const *”
E:\LearingProject\CCPlusPlus\D9_Struct\09_01.c(226,9): warning C4477: “printf”: 格式字符串“%x”需要类型“unsigned int”的参数，但可变参数 1 拥有了类型“double *”
E:\LearingProject\CCPlusPlus\D9_Struct\09_01.c(226,9): warning C4477: “printf”: 格式字符串“%x”需要类型“unsigned int”的参数，但可变参数 2 拥有了类型“int *”
E:\LearingProject\CCPlusPlus\D9_Struct\09_01.c(226,9): warning C4477: “printf”: 格式字符串“%x”需要类型“unsigned int”的参数，但可变参数 3 拥有了类型“char **”
E:\LearingProject\CCPlusPlus\D9_Struct\09_01.c(231,1): warning C4047: “初始化”:“const int *”与“int”的间接级别不同
E:\LearingProject\CCPlusPlus\D9_Struct\09_01.c(232,1): warning C4047: “初始化”:“const int *”与“int”的间接级别不同
E:\LearingProject\CCPlusPlus\D9_Struct\09_01.c(268,9): warning C4477: “printf”: 格式字符串“%x”需要类型“unsigned int”的参数，但可变参数 4 拥有了类型“char *”
E:\LearingProject\CCPlusPlus\D9_Struct\09_01.c(274,1): warning C4047: “初始化”:“int”与“char *”的间接级别不同
E:\LearingProject\CCPlusPlus\D9_Struct\09_01.c(314,23): warning C4018: “<”: 有符号/无符号不匹配
  D9_Struct.vcxproj -> E:\LearingProject\CCPlusPlus\D9_Struct\Debug\D9_Struct.exe
